h:\projects\csc8502 2022\nclgl\x64\debug\nclgl.pdb
h:\projects\csc8502 2022\nclgl\x64\debug\nclgl.idb
h:\projects\csc8502 2022\nclgl\x64\debug\glad.obj
h:\projects\csc8502 2022\nclgl\x64\debug\window.obj
h:\projects\csc8502 2022\nclgl\x64\debug\shader.obj
h:\projects\csc8502 2022\nclgl\x64\debug\quaternion.obj
h:\projects\csc8502 2022\nclgl\x64\debug\oglrenderer.obj
h:\projects\csc8502 2022\nclgl\x64\debug\meshmaterial.obj
h:\projects\csc8502 2022\nclgl\x64\debug\meshanimation.obj
h:\projects\csc8502 2022\nclgl\x64\debug\mesh.obj
h:\projects\csc8502 2022\nclgl\x64\debug\matrix4.obj
h:\projects\csc8502 2022\nclgl\x64\debug\gametimer.obj
h:\projects\csc8502 2022\nclgl\x64\debug\keyboard.obj
h:\projects\csc8502 2022\nclgl\x64\debug\matrix2.obj
h:\projects\csc8502 2022\nclgl\x64\debug\mouse.obj
h:\projects\csc8502 2022\nclgl\x64\debug\matrix3.obj
h:\projects\csc8502 2022\nclgl\x64\debug\computeshader.obj
h:\projects\csc8502 2022\nclgl\x64\debug\camera.obj
h:\projects\csc8502 2022\nclgl\x64\debug\scenenode.obj
h:\projects\csc8502 2022\nclgl\x64\debug\cuberobot.obj
h:\projects\csc8502 2022\nclgl\x64\debug\plane.obj
h:\projects\csc8502 2022\nclgl\x64\debug\frustum.obj
h:\projects\csc8502 2022\x64\debug\nclgl.lib
h:\projects\csc8502 2022\nclgl\x64\debug\cuberobot.new.obj.enc
h:\projects\csc8502 2022\nclgl\x64\debug\scenenode.obj.enc
h:\projects\csc8502 2022\x64\debug\nclgl.pdb
h:\projects\csc8502 2022\nclgl\x64\debug\nclgl.tlog\cl.command.1.tlog
h:\projects\csc8502 2022\nclgl\x64\debug\nclgl.tlog\cl.read.1.tlog
h:\projects\csc8502 2022\nclgl\x64\debug\nclgl.tlog\cl.write.1.tlog
h:\projects\csc8502 2022\nclgl\x64\debug\nclgl.tlog\lib-link.read.1.tlog
h:\projects\csc8502 2022\nclgl\x64\debug\nclgl.tlog\lib-link.write.1.tlog
h:\projects\csc8502 2022\nclgl\x64\debug\nclgl.tlog\lib.command.1.tlog
